
 CHEMKIN-III GAS-PHASE MECHANISM INTERPRETER:
 DOUBLE PRECISION Vers. 6.15 98/03/03        
 Copyright 1995, Sandia Corporation.
 The U.S. Government retains a limited license in this software.


                          --------------------
                          ELEMENTS     ATOMIC
                          CONSIDERED   WEIGHT
                          --------------------
                           1. H       1.00797    
                           2. O       15.9994    
                           3. N       14.0067    
                          --------------------
 -------------------------------------------------------------------------------
                          C
                       P  H
                       H  A
                       A  R
 SPECIES               S  G  MOLECULAR  TEMPERATURE  ELEMENT COUNT
 CONSIDERED            E  E  WEIGHT     LOW    HIGH  H  O  N  
 -------------------------------------------------------------------------------
   1. H2               G  0    2.01594   300   5000   2  0  0
   2. O2               G  0   31.99880   300   5000   0  2  0
   3. H2O              G  0   18.01534   300   5000   2  1  0
   4. H                G  0    1.00797   300   5000   1  0  0
   5. O                G  0   15.99940   300   5000   0  1  0
   6. OH               G  0   17.00737   200   6000   1  1  0
   7. HO2              G  0   33.00677   200   3500   1  2  0
   8. H2O2             G  0   34.01474   300   5000   2  2  0
   9. N2               G  0   28.01340   300   5000   0  0  2
 -------------------------------------------------------------------------------



                                                      (k = A T**b exp(-E/RT))
      REACTIONS CONSIDERED                              A        b        E

   1. H+O2=O+OH                                     3.55E+15   -0.4    16599.0
   2. O+H2=H+OH                                     5.08E+04    2.7     6290.0
   3. H2+OH=H2O+H                                   2.16E+08    1.5     3430.0
   4. O+H2O=OH+OH                                   2.97E+06    2.0    13400.0
   5. H2+M=H+H+M                                    4.58E+19   -1.4   104380.0
      H2              Enhanced by    2.500E+00
      H2O             Enhanced by    1.200E+01
   6. O+O+M=O2+M                                    6.17E+15   -0.5        0.0
      H2              Enhanced by    2.500E+00
      H2O             Enhanced by    1.200E+01
   7. O+H+M=OH+M                                    4.71E+18   -1.0        0.0
      H2              Enhanced by    2.500E+00
      H2O             Enhanced by    1.200E+01
   8. H+OH+M=H2O+M                                  3.80E+22   -2.0        0.0
      H2              Enhanced by    2.500E+00
      H2O             Enhanced by    1.200E+01
   9. H+O2(+M)=HO2(+M)                              1.48E+12    0.6        0.0
      Low pressure limit:  0.63660E+21 -0.17200E+01  0.52480E+03
      TROE centering:      0.80000E+00  0.10000E-29  0.10000E+31
      H2              Enhanced by    2.000E+00
      H2O             Enhanced by    1.100E+01
      O2              Enhanced by    7.800E-01
  10. HO2+H=H2+O2                                   1.66E+13    0.0      823.0
  11. HO2+H=OH+OH                                   7.08E+13    0.0      295.0
  12. HO2+O=O2+OH                                   3.25E+13    0.0        0.0
  13. HO2+OH=H2O+O2                                 2.89E+13    0.0     -497.0
  14. HO2+HO2=H2O2+O2                               4.20E+14    0.0    11982.0
      Declared duplicate reaction...
  15. HO2+HO2=H2O2+O2                               1.30E+11    0.0    -1629.3
      Declared duplicate reaction...
  16. H2O2(+M)=OH+OH(+M)                            2.95E+14    0.0    48430.0
      Low pressure limit:  0.12020E+18  0.00000E+00  0.45500E+05
      TROE centering:      0.50000E+00  0.10000E-29  0.10000E+31
      H2              Enhanced by    2.500E+00
      H2O             Enhanced by    1.200E+01
  17. H2O2+H=H2O+OH                                 2.41E+13    0.0     3970.0
  18. H2O2+H=HO2+H2                                 4.82E+13    0.0     7950.0
  19. H2O2+O=OH+HO2                                 9.55E+06    2.0     3970.0
  20. H2O2+OH=HO2+H2O                               1.00E+12    0.0        0.0
      Declared duplicate reaction...
  21. H2O2+OH=HO2+H2O                               5.80E+14    0.0     9557.0
      Declared duplicate reaction...

  NOTE:  A units mole-cm-sec-K, E units cal/mole



 NO ERRORS FOUND ON INPUT: 
 ASCII Vers. 1.0 CHEMKIN linkfile chem.asc written.

 WORKING SPACE REQUIREMENTS ARE
    INTEGER:      666
    REAL:         448
    CHARACTER:     12
