\BOOKMARK [0][-]{chapter*.1}{preface}{}% 1
\BOOKMARK [0][-]{chapter.1}{Getting Started}{}% 2
\BOOKMARK [1][-]{section.1.1}{Downloading the Code}{chapter.1}% 3
\BOOKMARK [1][-]{section.1.2}{Building the Code}{chapter.1}% 4
\BOOKMARK [1][-]{section.1.3}{Running the Code}{chapter.1}% 5
\BOOKMARK [1][-]{section.1.4}{Visualization of the Results}{chapter.1}% 6
\BOOKMARK [1][-]{section.1.5}{Other Distributed Problem Setups}{chapter.1}% 7
\BOOKMARK [0][-]{chapter.2}{Units and Constants}{}% 8
\BOOKMARK [1][-]{section.2.1}{Units and Constants}{chapter.2}% 9
\BOOKMARK [0][-]{chapter.3}{Software Framework}{}% 10
\BOOKMARK [1][-]{section.3.1}{Code structure}{chapter.3}% 11
\BOOKMARK [1][-]{section.3.2}{An Overview of LMC}{chapter.3}% 12
\BOOKMARK [2][-]{subsection.3.2.1}{Geometry class}{section.3.2}% 13
\BOOKMARK [2][-]{subsection.3.2.2}{ParmParse class}{section.3.2}% 14
\BOOKMARK [2][-]{subsection.3.2.3}{LMC Data Structures}{section.3.2}% 15
\BOOKMARK [3][-]{subsubsection.3.2.3.1}{State Data}{subsection.3.2.3}% 16
\BOOKMARK [2][-]{subsection.3.2.4}{Derived Variables}{section.3.2}% 17
\BOOKMARK [2][-]{subsection.3.2.5}{Error Estimators}{section.3.2}% 18
\BOOKMARK [2][-]{subsection.3.2.6}{Gravity class}{section.3.2}% 19
\BOOKMARK [2][-]{subsection.3.2.7}{Fortran Helper Modules}{section.3.2}% 20
\BOOKMARK [1][-]{section.3.3}{Setting Up Your Own Problem}{chapter.3}% 21
\BOOKMARK [1][-]{section.3.4}{Boundaries}{chapter.3}% 22
\BOOKMARK [2][-]{subsection.3.4.1}{Boundaries Between Grids and Levels}{section.3.4}% 23
\BOOKMARK [2][-]{subsection.3.4.2}{Physical Boundaries}{section.3.4}% 24
\BOOKMARK [2][-]{subsection.3.4.3}{The FillPatchIterator}{section.3.4}% 25
\BOOKMARK [1][-]{section.3.5}{Parallel I/O}{chapter.3}% 26
\BOOKMARK [1][-]{section.3.6}{Parallelization}{chapter.3}% 27
\BOOKMARK [2][-]{subsection.3.6.1}{BoxLib's Non-Tiling Approach In C++}{section.3.6}% 28
\BOOKMARK [2][-]{subsection.3.6.2}{BoxLib's Current Tiling Approach In C++}{section.3.6}% 29
\BOOKMARK [2][-]{subsection.3.6.3}{Practical Details in Working with Tiling}{section.3.6}% 30
\BOOKMARK [0][-]{chapter.4}{AMR}{}% 31
\BOOKMARK [1][-]{section.4.1}{Tagging for Refinement}{chapter.4}% 32
\BOOKMARK [0][-]{chapter.5}{Visualization}{}% 33
\BOOKMARK [1][-]{section.5.1}{Controlling What's in the PlotFile}{chapter.5}% 34
\BOOKMARK [1][-]{section.5.2}{amrvis}{chapter.5}% 35
\BOOKMARK [1][-]{section.5.3}{VisIt}{chapter.5}% 36
\BOOKMARK [1][-]{section.5.4}{yt}{chapter.5}% 37
\BOOKMARK [2][-]{subsection.5.4.1}{BoxLib Data}{section.5.4}% 38
\BOOKMARK [2][-]{subsection.5.4.2}{Interacting with yt: Command Line and Scripting}{section.5.4}% 39
\BOOKMARK [2][-]{subsection.5.4.3}{yt Basics}{section.5.4}% 40
\BOOKMARK [2][-]{subsection.5.4.4}{Data Containers and Selection}{section.5.4}% 41
\BOOKMARK [2][-]{subsection.5.4.5}{Grid Inspection}{section.5.4}% 42
\BOOKMARK [2][-]{subsection.5.4.6}{Example Scripts}{section.5.4}% 43
\BOOKMARK [0][-]{chapter.6}{Managing Jobs}{}% 44
\BOOKMARK [1][-]{section.6.1}{Automatic Restarting and Archiving of Data}{chapter.6}% 45
\BOOKMARK [0][-]{section.6.1}{References}{}% 46
