
 CHEMKIN-III GAS-PHASE MECHANISM INTERPRETER:
 DOUBLE PRECISION Vers. 6.15 98/03/03        
 Copyright 1995, Sandia Corporation.
 The U.S. Government retains a limited license in this software.


                          --------------------
                          ELEMENTS     ATOMIC
                          CONSIDERED   WEIGHT
                          --------------------
                           1. O       15.9994    
                           2. H       1.00797    
                           3. N       14.0067    
                          --------------------
 -------------------------------------------------------------------------------
                          C
                       P  H
                       H  A
                       A  R
 SPECIES               S  G  MOLECULAR  TEMPERATURE  ELEMENT COUNT
 CONSIDERED            E  E  WEIGHT     LOW    HIGH  O  H  N  
 -------------------------------------------------------------------------------
   1. H2               G  0    2.01594   200   3500   0  2  0
   2. H                G  0    1.00797   200   3500   0  1  0
   3. O                G  0   15.99940   200   3500   1  0  0
   4. O2               G  0   31.99880   200   3500   2  0  0
   5. OH               G  0   17.00737   200   3500   1  1  0
   6. H2O              G  0   18.01534   200   3500   1  2  0
   7. HO2              G  0   33.00677   200   3500   2  1  0
   8. H2O2             G  0   34.01474   200   3500   2  2  0
   9. N2               G  0   28.01340   300   5000   0  0  2
 -------------------------------------------------------------------------------



                                                      (k = A T**b exp(-E/RT))
      REACTIONS CONSIDERED                              A        b        E

   1. 2O+M<=>O2+M                                   1.20E+17   -1.0        0.0
      H2              Enhanced by    2.400E+00
      H2O             Enhanced by    1.540E+01
   2. O+H+M<=>OH+M                                  5.00E+17   -1.0        0.0
      H2              Enhanced by    2.000E+00
      H2O             Enhanced by    6.000E+00
   3. O+H2<=>H+OH                                   5.00E+04    2.7     6290.0
   4. O+HO2<=>OH+O2                                 2.00E+13    0.0        0.0
   5. O+H2O2<=>OH+HO2                               9.63E+06    2.0     4000.0
   6. H+O2+M<=>HO2+M                                2.80E+18   -0.9        0.0
      O2              Enhanced by    0.000E+00
      H2O             Enhanced by    0.000E+00
      N2              Enhanced by    0.000E+00
   7. H+2O2<=>HO2+O2                                3.00E+20   -1.7        0.0
   8. H+O2+H2O<=>HO2+H2O                            9.38E+18   -0.8        0.0
   9. H+O2+N2<=>HO2+N2                              3.75E+20   -1.7        0.0
  10. H+O2<=>O+OH                                   8.30E+13    0.0    14413.0
  11. 2H+M<=>H2+M                                   1.00E+18   -1.0        0.0
      H2              Enhanced by    0.000E+00
      H2O             Enhanced by    0.000E+00
  12. 2H+H2<=>2H2                                   9.00E+16   -0.6        0.0
  13. 2H+H2O<=>H2+H2O                               6.00E+19   -1.3        0.0
  14. H+OH+M<=>H2O+M                                2.20E+22   -2.0        0.0
      H2              Enhanced by    7.300E-01
      H2O             Enhanced by    3.650E+00
  15. H+HO2<=>O+H2O                                 3.97E+12    0.0      671.0
  16. H+HO2<=>O2+H2                                 2.80E+13    0.0     1068.0
  17. H+HO2<=>2OH                                   1.34E+14    0.0      635.0
  18. H+H2O2<=>HO2+H2                               1.21E+07    2.0     5200.0
  19. H+H2O2<=>OH+H2O                               1.00E+13    0.0     3600.0
  20. OH+H2<=>H+H2O                                 2.16E+08    1.5     3430.0
  21. 2OH(+M)<=>H2O2(+M)                            7.40E+13   -0.4        0.0
      Low pressure limit:  0.23000E+19 -0.90000E+00 -0.17000E+04
      TROE centering:      0.73460E+00  0.94000E+02  0.17560E+04  0.51820E+04
      H2              Enhanced by    2.000E+00
      H2O             Enhanced by    6.000E+00
  22. 2OH<=>O+H2O                                   3.57E+04    2.4    -2110.0
  23. OH+HO2<=>O2+H2O                               2.90E+13    0.0     -500.0
  24. OH+H2O2<=>HO2+H2O                             1.75E+12    0.0      320.0
      Declared duplicate reaction...
  25. OH+H2O2<=>HO2+H2O                             5.80E+14    0.0     9560.0
      Declared duplicate reaction...
  26. 2HO2<=>O2+H2O2                                1.30E+11    0.0    -1630.0
      Declared duplicate reaction...
  27. 2HO2<=>O2+H2O2                                4.20E+14    0.0    12000.0
      Declared duplicate reaction...

  NOTE:  A units mole-cm-sec-K, E units cal/mole



 NO ERRORS FOUND ON INPUT: 
 ASCII Vers. 1.0 CHEMKIN linkfile chem.asc written.

 WORKING SPACE REQUIREMENTS ARE
    INTEGER:      818
    REAL:         500
    CHARACTER:     12
