
 CHEMKIN-III GAS-PHASE MECHANISM INTERPRETER:
 DOUBLE PRECISION Vers. 6.15 98/03/03        
 Copyright 1995, Sandia Corporation.
 The U.S. Government retains a limited license in this software.


                          --------------------
                          ELEMENTS     ATOMIC
                          CONSIDERED   WEIGHT
                          --------------------
                           1. O       15.9994    
                           2. H       1.00797    
                           3. N       14.0067    
                          --------------------
 -------------------------------------------------------------------------------
                          C
                       P  H
                       H  A
                       A  R
 SPECIES               S  G  MOLECULAR  TEMPERATURE  ELEMENT COUNT
 CONSIDERED            E  E  WEIGHT     LOW    HIGH  O  H  N  
 -------------------------------------------------------------------------------
   1. H                G  0    1.00797   200   6000   0  1  0
   2. O                G  0   15.99940   200   6000   1  0  0
   3. OH               G  0   17.00737   200   6000   1  1  0
   4. H2               G  0    2.01594   200   6000   0  2  0
   5. O2               G  0   31.99880   200   6000   2  0  0
   6. HO2              G  0   33.00677   200   6000   2  1  0
   7. H2O              G  0   18.01534   200   6000   1  2  0
   8. H2O2             G  0   34.01474   200   6000   2  2  0
   9. NO               G  0   30.00610   200   6000   1  0  1
  10. NO2              G  0   46.00550   200   6000   2  0  1
  11. N2O              G  0   44.01280   300   5000   1  0  2
  12. NH               G  0   15.01467   200   6000   0  1  1
  13. N                G  0   14.00670   300   5000   0  0  1
  14. NNH              G  0   29.02137   250   4000   0  1  2
  15. N2               G  0   28.01340   200   6000   0  0  2
 -------------------------------------------------------------------------------



                                                      (k = A T**b exp(-E/RT))
      REACTIONS CONSIDERED                              A        b        E

   1. H+O2=O+OH                                     3.60E+15   -0.4    16600.0
   2. H+H+M=H2+M                                    7.00E+17   -1.0        0.0
      N2              Enhanced by    0.000E+00
      H2O             Enhanced by    0.000E+00
      H2              Enhanced by    0.000E+00
   3. H+H+N2=H2+N2                                  5.40E+18   -1.3        0.0
   4. H+H+H2=H2+H2                                  1.00E+17   -0.6        0.0
   5. H+H+H2O=H2+H2O                                1.00E+19   -1.0        0.0
   6. H+O+M=OH+M                                    6.20E+16   -0.6        0.0
      H2O             Enhanced by    5.000E+00
   7. H+O2(+M)=HO2(+M)                              1.50E+12    0.6        0.0
      Low pressure limit:  0.35000E+17 -0.41000E+00 -0.11160E+04
      TROE centering:      0.50000E+00  0.10000E-29  0.10000E+31
      N2              Enhanced by    0.000E+00
      H2O             Enhanced by    1.100E+01
      H2              Enhanced by    2.000E+00
      O2              Enhanced by    7.800E-01
   8. H+O2(+N2)=HO2(+N2)                            1.50E+12    0.6        0.0
      Low pressure limit:  0.63700E+21 -0.17200E+01  0.52000E+03
      TROE centering:      0.80000E+00  0.10000E-29  0.10000E+31
   9. O+O+M=O2+M                                    1.90E+13    0.0    -1788.0
      N2              Enhanced by    1.500E+00
      O2              Enhanced by    1.500E+00
      H2O             Enhanced by    1.000E+01
  10. O+H2=OH+H                                     3.80E+12    0.0     7948.0
      Declared duplicate reaction...
  11. O+H2=OH+H                                     8.80E+14    0.0    19175.0
      Declared duplicate reaction...
  12. OH+OH=O+H2O                                   4.30E+03    2.7    -1822.0
  13. OH+H+M=H2O+M                                  4.50E+22   -2.0        0.0
      H2              Enhanced by    7.300E-01
      H2O             Enhanced by    1.200E+01
  14. OH+H2=H+H2O                                   2.10E+08    1.5     3449.0
  15. H2+O2=HO2+H                                   7.40E+05    2.4    53502.0
  16. HO2+H=OH+OH                                   8.40E+13    0.0      400.0
  17. HO2+H=H2O+O                                   1.40E+12    0.0        0.0
  18. HO2+O=OH+O2                                   1.60E+13    0.0     -445.0
  19. HO2+OH=H2O+O2                                 3.60E+21   -2.1     9000.0
      Declared duplicate reaction...
  20. HO2+OH=H2O+O2                                 2.00E+15   -0.6        0.0
      Declared duplicate reaction...
  21. HO2+OH=H2O+O2                                 ********  -24.0    49000.0
      Declared duplicate reaction...
  22. HO2+HO2=H2O2+O2                               1.90E+11    0.0    -1408.0
      Declared duplicate reaction...
  23. HO2+HO2=H2O2+O2                               1.00E+14    0.0    11034.0
      Declared duplicate reaction...
  24. H2O2(+M)=OH+OH(+M)                            4.00E+11    0.0    37137.0
      Low pressure limit:  0.22910E+17  0.00000E+00  0.43638E+05
      TROE centering:      0.50000E+00  0.10000E-29  0.10000E+31  0.10000E+31
      H2O             Enhanced by    1.200E+01
      H2              Enhanced by    2.500E+00
  25. H2O2+H=H2O+OH                                 1.00E+13    0.0     3580.0
  26. H2O2+H=HO2+H2                                 1.70E+12    0.0     3760.0
  27. H2O2+O=HO2+OH                                 9.60E+06    2.0     3970.0
  28. H2O2+OH=H2O+HO2                               1.90E+12    0.0      427.0
      Declared duplicate reaction...
  29. H2O2+OH=H2O+HO2                               1.60E+18    0.0    29410.0
      Declared duplicate reaction...
  30. NO+O(+M)=NO2(+M)                              1.30E+15   -0.8        0.0
      Low pressure limit:  0.47200E+25 -0.28700E+01  0.15500E+04
      TROE centering:      0.88000E+00  0.10000E+04  0.10000E+05  0.10000E+31
  31. NO+HO2=NO2+OH                                 2.10E+12    0.0     -497.0
  32. NO2+H=NO+OH                                   1.30E+14    0.0      362.0
  33. NO2+O=NO+O2                                   1.10E+14   -0.5        0.0
  34. NO2+NO2=NO+NO+O2                              4.50E+12    0.0    27599.0
  35. N2O(+M)=N2+O(+M)                              1.30E+12    0.0    62570.0
      Low pressure limit:  0.40000E+15  0.00000E+00  0.56600E+05
      N2              Enhanced by    1.700E+00
      O2              Enhanced by    1.400E+00
      H2O             Enhanced by    1.200E+01
  36. N2O+H=N2+OH                                   3.30E+10    0.0     4729.0
      Declared duplicate reaction...
  37. N2O+H=N2+OH                                   4.40E+14    0.0    19254.0
      Declared duplicate reaction...
  38. N2O+O=NO+NO                                   9.20E+13    0.0    27679.0
  39. N2O+O=N2+O2                                   3.70E+12    0.0    15936.0
  40. NH+H=N+H2                                     3.00E+13    0.0        0.0
  41. NH+O=NO+H                                     9.20E+13    0.0        0.0
  42. NH+OH=N+H2O                                   5.00E+11    0.5     2000.0
  43. NH+O2=NO+OH                                   1.30E+06    1.5      100.0
  44. NH+NO=N2O+H                                   2.90E+14   -0.4        0.0
      Declared duplicate reaction...
  45. NH+NO=N2O+H                                   ********   -0.2        0.0
      Declared duplicate reaction...
  46. NH+NO=N2+OH                                   2.20E+13   -0.2        0.0
  47. NH+NO2=N2O+OH                                 1.00E+13    0.0        0.0
  48. N+OH=NO+H                                     3.80E+13    0.0        0.0
  49. N+O2=NO+O                                     6.40E+09    1.0     6280.0
  50. N+NO=N2+O                                     2.10E+13    0.0        0.0
  51. NNH=N2+H                                      6.50E+07    0.0        0.0
  52. NNH+H=N2+H2                                   1.00E+14    0.0        0.0
  53. NNH+O=N2O+H                                   1.00E+14    0.0        0.0
  54. NNH+O=N2+OH                                   8.00E+13    0.0        0.0
  55. NNH+O=NH+NO                                   5.00E+13    0.0        0.0
  56. NNH+OH=N2+H2O                                 5.00E+13    0.0        0.0
  57. NNH+O2=N2+HO2                                 2.00E+14    0.0        0.0
  58. NNH+O2=N2+H+O2                                5.00E+13    0.0        0.0

  NOTE:  A units mole-cm-sec-K, E units cal/mole



 NO ERRORS FOUND ON INPUT: 
 ASCII Vers. 1.0 CHEMKIN linkfile chem.asc written.

 WORKING SPACE REQUIREMENTS ARE
    INTEGER:     1712
    REAL:         988
    CHARACTER:     18
