
 CHEMKIN-III GAS-PHASE MECHANISM INTERPRETER:
 DOUBLE PRECISION Vers. 6.15 98/03/03        
 Copyright 1995, Sandia Corporation.
 The U.S. Government retains a limited license in this software.


                          --------------------
                          ELEMENTS     ATOMIC
                          CONSIDERED   WEIGHT
                          --------------------
                           1. H       1.00797    
                           2. O       15.9994    
                           3. N       14.0067    
                           4. AR      39.9480    
                           5. HE      4.00260    
                           6. C       12.0112    
                          --------------------
 -------------------------------------------------------------------------------
                          C
                       P  H
                       H  A
                       A  R
 SPECIES               S  G  MOLECULAR  TEMPERATURE  ELEMENT COUNT
 CONSIDERED            E  E  WEIGHT     LOW    HIGH  H  O  N  AR HE C  
 -------------------------------------------------------------------------------
   1. H                G  0    1.00797   300   5000   1  0  0  0  0  0
   2. H2               G  0    2.01594   300   5000   2  0  0  0  0  0
   3. O                G  0   15.99940   300   5000   0  1  0  0  0  0
   4. OH               G  0   17.00737   200   6000   1  1  0  0  0  0
   5. H2O              G  0   18.01534   300   5000   2  1  0  0  0  0
   6. O2               G  0   31.99880   300   5000   0  2  0  0  0  0
   7. HO2              G  0   33.00677   200   3500   1  2  0  0  0  0
   8. H2O2             G  0   34.01474   300   5000   2  2  0  0  0  0
   9. N2               G  0   28.01340   300   5000   0  0  2  0  0  0
  10. AR               G  0   39.94800   300   5000   0  0  0  1  0  0
  11. HE               G  0    4.00260   300   5000   0  0  0  0  1  0
 -------------------------------------------------------------------------------



                                                      (k = A T**b exp(-E/RT))
      REACTIONS CONSIDERED                              A        b        E

   1. H+O2=O+OH                                     1.04E+14    0.0    15286.0
   2. O+H2=H+OH                                     3.82E+12    0.0     7948.0
      Declared duplicate reaction...
   3. O+H2=H+OH                                     8.79E+14    0.0    19170.0
      Declared duplicate reaction...
   4. H2+OH=H2O+H                                   2.16E+08    1.5     3430.0
   5. OH+OH=O+H2O                                   3.34E+04    2.4    -1930.0
   6. H2+M=H+H+M                                    4.58E+19   -1.4   104380.0
      H2              Enhanced by    2.500E+00
      H2O             Enhanced by    1.200E+01
      AR              Enhanced by    0.000E+00
      HE              Enhanced by    0.000E+00
   7. H2+AR=H+H+AR                                  5.84E+18   -1.1   104380.0
   8. H2+HE=H+H+HE                                  5.84E+18   -1.1   104380.0
   9. O+O+M=O2+M                                    6.16E+15   -0.5        0.0
      H2              Enhanced by    2.500E+00
      H2O             Enhanced by    1.200E+01
      AR              Enhanced by    0.000E+00
      HE              Enhanced by    0.000E+00
  10. O+O+AR=O2+AR                                  1.89E+13    0.0    -1788.0
  11. O+O+HE=O2+HE                                  1.89E+13    0.0    -1788.0
  12. O+H+M=OH+M                                    4.71E+18   -1.0        0.0
      H2              Enhanced by    2.500E+00
      H2O             Enhanced by    1.200E+01
      AR              Enhanced by    7.500E-01
      HE              Enhanced by    7.500E-01
  13. H2O+M=H+OH+M                                  6.06E+27   -3.3   120790.0
      H2              Enhanced by    3.000E+00
      H2O             Enhanced by    0.000E+00
      HE              Enhanced by    1.100E+00
      N2              Enhanced by    2.000E+00
      O2              Enhanced by    1.500E+00
  14. H2O+H2O=H+OH+H2O                              1.01E+26   -2.4   120180.0
  15. H+O2(+M)=HO2(+M)                              4.65E+12    0.4        0.0
      Low pressure limit:  0.63660E+21 -0.17200E+01  0.52480E+03
      TROE centering:      0.50000E+00  0.10000E-29  0.10000E+31
      H2              Enhanced by    2.000E+00
      H2O             Enhanced by    1.400E+01
      O2              Enhanced by    7.800E-01
      AR              Enhanced by    6.700E-01
      HE              Enhanced by    8.000E-01
  16. HO2+H=H2+O2                                   2.75E+06    2.1    -1451.0
  17. HO2+H=OH+OH                                   7.08E+13    0.0      295.0
  18. HO2+O=O2+OH                                   2.85E+10    1.0     -723.9
  19. HO2+OH=H2O+O2                                 2.89E+13    0.0     -497.0
  20. HO2+HO2=H2O2+O2                               4.20E+14    0.0    11982.0
      Declared duplicate reaction...
  21. HO2+HO2=H2O2+O2                               1.30E+11    0.0    -1629.3
      Declared duplicate reaction...
  22. H2O2(+M)=OH+OH(+M)                            2.00E+12    0.9    48749.0
      Low pressure limit:  0.24900E+25 -0.23000E+01  0.48749E+05
      TROE centering:      0.43000E+00  0.10000E-29  0.10000E+31
      H2O             Enhanced by    7.500E+00
      N2              Enhanced by    1.500E+00
      O2              Enhanced by    1.200E+00
      HE              Enhanced by    6.500E-01
      H2O2            Enhanced by    7.700E+00
      H2              Enhanced by    3.700E+00
  23. H2O2+H=H2O+OH                                 2.41E+13    0.0     3970.0
  24. H2O2+H=HO2+H2                                 4.82E+13    0.0     7950.0
  25. H2O2+O=OH+HO2                                 9.55E+06    2.0     3970.0
  26. H2O2+OH=HO2+H2O                               1.74E+12    0.0      318.0
      Declared duplicate reaction...
  27. H2O2+OH=HO2+H2O                               7.59E+13    0.0     7270.0
      Declared duplicate reaction...
  28. HO2+H=O+H2O                                   3.97E+12    0.0      671.0
  29. O+OH+M=HO2+M                                  8.00E+15    0.0        0.0
      H2              Enhanced by    2.000E+00
      H2O             Enhanced by    1.200E+01
      AR              Enhanced by    7.000E-01
      HE              Enhanced by    7.000E-01

  NOTE:  A units mole-cm-sec-K, E units cal/mole



 NO ERRORS FOUND ON INPUT: 
 ASCII Vers. 1.0 CHEMKIN linkfile chem.asc written.

 WORKING SPACE REQUIREMENTS ARE
    INTEGER:      951
    REAL:         599
    CHARACTER:     17
